2025-04-23 21:16:26,804 ERROR: Exception on /reset-password/d633709c-974e-442f-942c-06bc0e54dc05 [GET] [in C:\Users\Miguel de Juan Urien\AppData\Local\Programs\Python\Python313\Lib\site-packages\flask\app.py:875]
Traceback (most recent call last):
  File "C:\Users\Miguel de Juan Urien\AppData\Local\Programs\Python\Python313\Lib\site-packages\flask\app.py", line 1511, in wsgi_app
    response = self.full_dispatch_request()
  File "C:\Users\Miguel de Juan Urien\AppData\Local\Programs\Python\Python313\Lib\site-packages\flask\app.py", line 919, in full_dispatch_request
    rv = self.handle_user_exception(e)
  File "C:\Users\Miguel de Juan Urien\AppData\Local\Programs\Python\Python313\Lib\site-packages\flask_cors\extension.py", line 176, in wrapped_function
    return cors_after_request(app.make_response(f(*args, **kwargs)))
                                                ~^^^^^^^^^^^^^^^^^
  File "C:\Users\Miguel de Juan Urien\AppData\Local\Programs\Python\Python313\Lib\site-packages\flask\app.py", line 917, in full_dispatch_request
    rv = self.dispatch_request()
  File "C:\Users\Miguel de Juan Urien\AppData\Local\Programs\Python\Python313\Lib\site-packages\flask\app.py", line 902, in dispatch_request
    return self.ensure_sync(self.view_functions[rule.endpoint])(**view_args)  # type: ignore[no-any-return]
           ~~~~~~~~~~~~~~~~~~~~~~~~~~~~~~~~~~~~~~~~~~~~~~~~~~~~^^^^^^^^^^^^^
  File "C:\Users\Miguel de Juan Urien\Desktop\TFG\ubu-esgenerator\backend\app.py", line 454, in reset_password_page
    def reset_password():
               ^^^^^^^^^^
  File "C:\Users\Miguel de Juan Urien\AppData\Local\Programs\Python\Python313\Lib\site-packages\flask\templating.py", line 149, in render_template
    template = app.jinja_env.get_or_select_template(template_name_or_list)
  File "C:\Users\Miguel de Juan Urien\AppData\Local\Programs\Python\Python313\Lib\site-packages\jinja2\environment.py", line 1087, in get_or_select_template
    return self.get_template(template_name_or_list, parent, globals)
           ~~~~~~~~~~~~~~~~~^^^^^^^^^^^^^^^^^^^^^^^^^^^^^^^^^^^^^^^^
  File "C:\Users\Miguel de Juan Urien\AppData\Local\Programs\Python\Python313\Lib\site-packages\jinja2\environment.py", line 1016, in get_template
    return self._load_template(name, globals)
           ~~~~~~~~~~~~~~~~~~~^^^^^^^^^^^^^^^
  File "C:\Users\Miguel de Juan Urien\AppData\Local\Programs\Python\Python313\Lib\site-packages\jinja2\environment.py", line 975, in _load_template
    template = self.loader.load(self, name, self.make_globals(globals))
  File "C:\Users\Miguel de Juan Urien\AppData\Local\Programs\Python\Python313\Lib\site-packages\jinja2\loaders.py", line 126, in load
    source, filename, uptodate = self.get_source(environment, name)
                                 ~~~~~~~~~~~~~~~^^^^^^^^^^^^^^^^^^^
  File "C:\Users\Miguel de Juan Urien\AppData\Local\Programs\Python\Python313\Lib\site-packages\flask\templating.py", line 65, in get_source
    return self._get_source_fast(environment, template)
           ~~~~~~~~~~~~~~~~~~~~~^^^^^^^^^^^^^^^^^^^^^^^
  File "C:\Users\Miguel de Juan Urien\AppData\Local\Programs\Python\Python313\Lib\site-packages\flask\templating.py", line 99, in _get_source_fast
    raise TemplateNotFound(template)
jinja2.exceptions.TemplateNotFound: reset_password.html
2025-04-23 21:18:58,616 INFO: Chat message received. Session initialized: False [in C:\Users\Miguel de Juan Urien\Desktop\TFG\ubu-esgenerator\backend\app.py:206]
2025-04-23 21:29:21,926 INFO: ESGenerator startup [in C:\Users\Miguel de Juan Urien\Desktop\TFG\ubu-esgenerator\backend\app.py:40]
2025-04-23 21:31:44,637 INFO: ESGenerator startup [in C:\Users\Miguel de Juan Urien\Desktop\TFG\ubu-esgenerator\backend\app.py:40]
2025-04-23 21:32:02,786 INFO: Password reset link sent to: kshmrkirilak@gmail.com [in C:\Users\Miguel de Juan Urien\Desktop\TFG\ubu-esgenerator\backend\app.py:438]
2025-04-23 21:33:53,932 INFO: ESGenerator startup [in C:\Users\Miguel de Juan Urien\Desktop\TFG\ubu-esgenerator\backend\app.py:40]
2025-04-23 21:34:12,314 INFO: Password reset link sent to: kshmrkirilak@gmail.com [in C:\Users\Miguel de Juan Urien\Desktop\TFG\ubu-esgenerator\backend\app.py:438]
2025-04-23 21:34:30,405 INFO: Password reset successful for user: djkirilak2 [in C:\Users\Miguel de Juan Urien\Desktop\TFG\ubu-esgenerator\backend\app.py:478]
2025-04-23 21:34:38,310 ERROR: Login error: 'SecureCookieSession' object has no attribute 'regenerate' [in C:\Users\Miguel de Juan Urien\Desktop\TFG\ubu-esgenerator\backend\app.py:390]
2025-04-23 21:34:44,597 INFO: User logged out: djkirilak2 [in C:\Users\Miguel de Juan Urien\Desktop\TFG\ubu-esgenerator\backend\app.py:399]
2025-04-23 21:34:49,597 WARNING: Failed login attempt for email: kshmrkirilak@gmail.com [in C:\Users\Miguel de Juan Urien\Desktop\TFG\ubu-esgenerator\backend\app.py:368]
2025-04-24 10:41:09,870 INFO: ESGenerator startup [in C:\Users\Miguel de Juan Urien\Desktop\TFG\ubu-esgenerator\backend\app.py:40]
2025-04-24 10:41:56,951 INFO: Chat message received. Session initialized: False [in C:\Users\Miguel de Juan Urien\Desktop\TFG\ubu-esgenerator\backend\app.py:206]
2025-04-24 10:42:36,046 INFO: Chat message received. Session initialized: False [in C:\Users\Miguel de Juan Urien\Desktop\TFG\ubu-esgenerator\backend\app.py:206]
2025-04-24 10:44:57,796 INFO: New user registered: ggsgsgd [in C:\Users\Miguel de Juan Urien\Desktop\TFG\ubu-esgenerator\backend\app.py:334]
2025-04-24 10:46:23,700 WARNING: Failed login attempt for email: kshmrkirilak@gmail.com [in C:\Users\Miguel de Juan Urien\Desktop\TFG\ubu-esgenerator\backend\app.py:368]
2025-04-24 10:46:28,411 WARNING: Failed login attempt for email: kshmrkirilak@gmail.com [in C:\Users\Miguel de Juan Urien\Desktop\TFG\ubu-esgenerator\backend\app.py:368]
2025-04-24 10:46:47,312 INFO: Password reset link sent to: kshmrkirilak@gmail.com [in C:\Users\Miguel de Juan Urien\Desktop\TFG\ubu-esgenerator\backend\app.py:438]
2025-04-24 10:47:10,275 INFO: Password reset successful for user: djkirilak2 [in C:\Users\Miguel de Juan Urien\Desktop\TFG\ubu-esgenerator\backend\app.py:478]
2025-04-24 10:47:22,149 ERROR: Login error: 'SecureCookieSession' object has no attribute 'regenerate' [in C:\Users\Miguel de Juan Urien\Desktop\TFG\ubu-esgenerator\backend\app.py:390]
2025-04-24 10:56:34,574 INFO: User logged out: djkirilak2 [in C:\Users\Miguel de Juan Urien\Desktop\TFG\ubu-esgenerator\backend\app.py:399]
2025-04-27 22:35:14,342 INFO: ESGenerator startup [in C:\Users\Miguel de Juan Urien\Desktop\TFG\ubu-esgenerator\backend\app.py:40]
2025-04-27 22:35:44,815 INFO: Chat message received. Session initialized: False [in C:\Users\Miguel de Juan Urien\Desktop\TFG\ubu-esgenerator\backend\app.py:206]
2025-04-27 22:35:56,823 INFO: Chat message received. Session initialized: True [in C:\Users\Miguel de Juan Urien\Desktop\TFG\ubu-esgenerator\backend\app.py:206]
2025-04-27 22:36:37,627 INFO: Chat message received. Session initialized: True [in C:\Users\Miguel de Juan Urien\Desktop\TFG\ubu-esgenerator\backend\app.py:206]
2025-04-30 10:12:28,625 INFO: ESGenerator startup [in C:\Users\Miguel de Juan Urien\Desktop\TFG\ubu-esgenerator\backend\app.py:40]
2025-04-30 10:14:42,099 INFO: Chat message received. Session initialized: False [in C:\Users\Miguel de Juan Urien\Desktop\TFG\ubu-esgenerator\backend\app.py:206]
2025-04-30 10:14:50,518 INFO: Chat message received. Session initialized: True [in C:\Users\Miguel de Juan Urien\Desktop\TFG\ubu-esgenerator\backend\app.py:206]
